--------------------------------------------------------------------------------
Release 14.7 Trace  (nt)
Copyright (c) 1995-2013 Xilinx, Inc.  All rights reserved.

C:\Xilinx\14.7\ISE_DS\ISE\bin\nt\unwrapped\trce.exe -intstyle ise -v 3 -s 5 -n
3 -fastpaths -xml decoder.twx decoder.ncd -o decoder.twr decoder.pcf -ucf
imp.ucf

Design file:              decoder.ncd
Physical constraint file: decoder.pcf
Device,package,speed:     xc3s100e,cp132,-5 (PRODUCTION 1.27 2013-10-13)
Report level:             verbose report

Environment Variable      Effect 
--------------------      ------ 
NONE                      No environment variables were set
--------------------------------------------------------------------------------

INFO:Timing:2698 - No timing constraints found, doing default enumeration.
INFO:Timing:3412 - To improve timing, see the Timing Closure User Guide (UG612).
INFO:Timing:2752 - To get complete path coverage, use the unconstrained paths 
   option. All paths that are not constrained will be reported in the 
   unconstrained paths section(s) of the report.
INFO:Timing:3339 - The clock-to-out numbers in this timing report are based on 
   a 50 Ohm transmission line loading model.  For the details of this model, 
   and for more information on accounting for different loading conditions, 
   please see the device datasheet.
INFO:Timing:3390 - This architecture does not support a default System Jitter 
   value, please add SYSTEM_JITTER constraint to the UCF to modify the Clock 
   Uncertainty calculation.
INFO:Timing:3389 - This architecture does not support 'Discrete Jitter' and 
   'Phase Error' calculations, these terms will be zero in the Clock 
   Uncertainty calculation.  Please make appropriate modification to 
   SYSTEM_JITTER to account for the unsupported Discrete Jitter and Phase 
   Error.



Data Sheet report:
-----------------
All values displayed in nanoseconds (ns)

Pad to Pad
---------------+---------------+---------+
Source Pad     |Destination Pad|  Delay  |
---------------+---------------+---------+
sw0            |a              |    7.890|
sw0            |b              |    7.864|
sw0            |c              |    8.323|
sw0            |d              |    8.140|
sw0            |e              |    8.118|
sw0            |f              |    8.121|
sw0            |g              |    7.165|
sw1            |a              |    7.085|
sw1            |b              |    7.818|
sw1            |c              |    7.470|
sw1            |d              |    7.279|
sw1            |e              |    7.265|
sw1            |f              |    7.212|
sw1            |g              |    7.086|
sw2            |a              |    7.209|
sw2            |b              |    8.100|
sw2            |c              |    7.775|
sw2            |d              |    7.436|
sw2            |e              |    7.570|
sw2            |f              |    7.568|
sw2            |g              |    7.424|
sw3            |a              |    6.632|
sw3            |b              |    8.272|
sw3            |c              |    7.160|
sw3            |d              |    6.832|
sw3            |e              |    6.955|
sw3            |f              |    6.924|
sw3            |g              |    7.546|
---------------+---------------+---------+


Analysis completed Wed Jul 09 13:30:49 2014 
--------------------------------------------------------------------------------

Trace Settings:
-------------------------
Trace Settings 

Peak Memory Usage: 125 MB



